<?xml version="1.0" encoding="UTF-8"?>
<testsuite name="Test"
           tests="3"
           failures="0"
           errors="0"
           skipped="0"
           time="1.823">
  <properties />
  
  
            <testcase name="singleInputFieldForm" time="0.393" classname="com.Day18.SimpleFormDemo.TestNG.SimpleFormPageTest" />
                <testcase name="twoInputFieldForm" time="0.403" classname="com.Day18.SimpleFormDemo.TestNG.SimpleFormPageTest" />
                <testcase name="verifySimpleFormDemoHomePage" time="1.027" classname="com.Day18.SimpleFormDemo.TestNG.SimpleFormPageTest" />
      
</testsuite>
