<?xml version="1.0" encoding="UTF-8"?>
<!-- Generated by org.testng.reporters.JUnitXMLReporter -->
<testsuite hostname="DESKTOP-AUQI9P7" failures="0" tests="3" name="Default test" time="0.047" errors="0" timestamp="18 Aug 2021 11:31:13 GMT">
  <testcase classname="com.Day22.Skip.SkipTest" name="Test1" time="0.014">
    <skipped/>
  </testcase> <!-- Test1 -->
  <testcase classname="com.Day22.Skip.SkipTest" name="Test2" time="0.003"/>
  <testcase classname="com.Day22.Skip.SkipTest" name="Test3" time="0.002"/>
</testsuite> <!-- Default test -->
