<?xml version="1.0" encoding="UTF-8"?>
<!-- Generated by org.testng.reporters.JUnitXMLReporter -->
<testsuite hostname="DESKTOP-AUQI9P7" failures="0" tests="6" name="Testing Shopping Websites" time="0.078" errors="0" timestamp="18 Aug 2021 05:54:23 GMT">
  <testcase classname="com.Day21.Groups.EbayPageTest" name="TCID_01_WebLogin" time="0.017"/>
  <testcase classname="com.Day21.Groups.EbayPageTest" name="TCID_03_WebAddCartItem" time="0.002"/>
  <testcase classname="com.Day21.Groups.AmazonPageTest" name="TCID_02_MobileLogin" time="0.002"/>
  <testcase classname="com.Day21.Groups.AmazonPageTest" name="TCID_04_MobileAddCartItem" time="0.003"/>
  <testcase classname="com.Day21.Groups.FlipcartPageTest" name="TCID_01_WebLogin" time="0.003"/>
  <testcase classname="com.Day21.Groups.FlipcartPageTest" name="TCID_03_WebAddCartItem" time="0.005"/>
</testsuite> <!-- Testing Shopping Websites -->
