<?xml version="1.0" encoding="UTF-8"?>
<!-- Generated by org.testng.reporters.JUnitXMLReporter -->
<testsuite hostname="DESKTOP-AUQI9P7" failures="0" tests="6" name="Testing Demo Tours Site " time="40.213" errors="0" timestamp="18 Aug 2021 06:56:21 GMT">
  <testcase classname="com.Day22.DataProvider.DemoToursTest" name="doLogin" time="0.531"/>
  <testcase classname="com.Day22.DataProvider.DemoToursTest" name="doLogin" time="0.337"/>
  <testcase classname="com.Day22.DataProvider.DemoToursTest" name="doLogin" time="0.338"/>
  <testcase classname="com.Day22.DataProvider.DemoToursTest" name="doLogin" time="0.364"/>
  <testcase classname="com.Day22.DataProvider.DemoToursTest" name="doLogin" time="0.36"/>
  <testcase classname="com.Day22.DataProvider.DemoToursTest" name="doLogin" time="0.425"/>
</testsuite> <!-- Testing Demo Tours Site  -->
