<?xml version="1.0" encoding="UTF-8"?>
<!-- Generated by org.testng.reporters.JUnitXMLReporter -->
<testsuite hostname="DESKTOP-AUQI9P7" failures="0" tests="6" name="Test" time="0.087" errors="0" timestamp="18 Aug 2021 05:20:07 GMT">
  <testcase classname="com.Day21.Groups.EbayPageTest" name="WebAddCartItem" time="0.019"/>
  <testcase classname="com.Day21.Groups.EbayPageTest" name="WebLogin" time="0.004"/>
  <testcase classname="com.Day21.Groups.AmazonPageTest" name="MobileAddCartItem" time="0.005"/>
  <testcase classname="com.Day21.Groups.AmazonPageTest" name="MobileLogin" time="0.004"/>
  <testcase classname="com.Day21.Groups.FlipcartPageTest" name="WebAddCartItem" time="0.003"/>
  <testcase classname="com.Day21.Groups.FlipcartPageTest" name="WebLogin" time="0.002"/>
</testsuite> <!-- Test -->
